
> influencer-marketing-frontend@0.1.0 dev
> next dev

  ▲ Next.js 14.2.30
  - Local:        http://localhost:3000
  - Environments: .env.local

 ✓ Starting...
 ✓ Ready in 1168ms
 ○ Compiling /404 ...
 ✓ Compiled /dashboard in 2.2s (785 modules)
 GET /_next/static/webpack/08860e7c58906440.webpack.hot-update.json 404 in 2351ms
 ⚠ Fast Refresh had to perform a full reload due to a runtime error.
 GET /dashboard 200 in 301ms
 GET /dashboard 200 in 4ms
 ✓ Compiled / in 248ms (791 modules)
 GET / 200 in 278ms
 GET /dashboard 200 in 22ms
 ○ Compiling /projects/create ...
 ✓ Compiled /projects/create in 621ms (855 modules)
 GET /projects/create 200 in 719ms
 ✓ Compiled /projects in 353ms (851 modules)
 GET /projects/create 200 in 30ms
 ✓ Compiled /project-ai-matching in 395ms (849 modules)
 ✓ Compiled / in 180ms (853 modules)
 ⨯ Error: Cannot find module './chunks/vendor-chunks/next.js'
Require stack:
- /Users/takanari/influencer-marketing-tool/frontend/.next/server/webpack-runtime.js
- /Users/takanari/influencer-marketing-tool/frontend/.next/server/pages/_document.js
- /Users/takanari/influencer-marketing-tool/frontend/node_modules/next/dist/server/require.js
- /Users/takanari/influencer-marketing-tool/frontend/node_modules/next/dist/server/load-components.js
- /Users/takanari/influencer-marketing-tool/frontend/node_modules/next/dist/build/utils.js
- /Users/takanari/influencer-marketing-tool/frontend/node_modules/next/dist/server/dev/hot-middleware.js
- /Users/takanari/influencer-marketing-tool/frontend/node_modules/next/dist/server/dev/hot-reloader-webpack.js
- /Users/takanari/influencer-marketing-tool/frontend/node_modules/next/dist/server/lib/router-utils/setup-dev-bundler.js
- /Users/takanari/influencer-marketing-tool/frontend/node_modules/next/dist/server/lib/router-server.js
- /Users/takanari/influencer-marketing-tool/frontend/node_modules/next/dist/server/lib/start-server.js
    at Module.<anonymous> (node:internal/modules/cjs/loader:1369:15)
    at /Users/takanari/influencer-marketing-tool/frontend/node_modules/next/dist/server/require-hook.js:55:36
    at defaultResolveImpl (node:internal/modules/cjs/loader:1025:19)
    at resolveForCJSWithHooks (node:internal/modules/cjs/loader:1030:22)
    at Module._load (node:internal/modules/cjs/loader:1179:37)
    at TracingChannel.traceSync (node:diagnostics_channel:322:14)
    at wrapModuleLoad (node:internal/modules/cjs/loader:235:24)
    at Module.<anonymous> (node:internal/modules/cjs/loader:1449:12)
    at mod.require (/Users/takanari/influencer-marketing-tool/frontend/node_modules/next/dist/server/require-hook.js:65:28)
    at require (node:internal/modules/helpers:135:16)
    at o.f.require (/Users/takanari/influencer-marketing-tool/frontend/.next/server/webpack-runtime.js:1:1888)
    at /Users/takanari/influencer-marketing-tool/frontend/.next/server/webpack-runtime.js:1:1361
    at Array.reduce (<anonymous>)
    at o.e (/Users/takanari/influencer-marketing-tool/frontend/.next/server/webpack-runtime.js:1:1340)
    at Array.map (<anonymous>) {
  code: 'MODULE_NOT_FOUND',
  requireStack: [
    '/Users/takanari/influencer-marketing-tool/frontend/.next/server/webpack-runtime.js',
    '/Users/takanari/influencer-marketing-tool/frontend/.next/server/pages/_document.js',
    '/Users/takanari/influencer-marketing-tool/frontend/node_modules/next/dist/server/require.js',
    '/Users/takanari/influencer-marketing-tool/frontend/node_modules/next/dist/server/load-components.js',
    '/Users/takanari/influencer-marketing-tool/frontend/node_modules/next/dist/build/utils.js',
    '/Users/takanari/influencer-marketing-tool/frontend/node_modules/next/dist/server/dev/hot-middleware.js',
    '/Users/takanari/influencer-marketing-tool/frontend/node_modules/next/dist/server/dev/hot-reloader-webpack.js',
    '/Users/takanari/influencer-marketing-tool/frontend/node_modules/next/dist/server/lib/router-utils/setup-dev-bundler.js',
    '/Users/takanari/influencer-marketing-tool/frontend/node_modules/next/dist/server/lib/router-server.js',
    '/Users/takanari/influencer-marketing-tool/frontend/node_modules/next/dist/server/lib/start-server.js'
  ],
  page: '/'
}
 ✓ Compiled /_error in 262ms (853 modules)
 ⨯ Error: Cannot find module './chunks/vendor-chunks/next.js'
Require stack:
- /Users/takanari/influencer-marketing-tool/frontend/.next/server/webpack-runtime.js
- /Users/takanari/influencer-marketing-tool/frontend/.next/server/pages/_document.js
- /Users/takanari/influencer-marketing-tool/frontend/node_modules/next/dist/server/require.js
- /Users/takanari/influencer-marketing-tool/frontend/node_modules/next/dist/server/load-components.js
- /Users/takanari/influencer-marketing-tool/frontend/node_modules/next/dist/build/utils.js
- /Users/takanari/influencer-marketing-tool/frontend/node_modules/next/dist/server/dev/hot-middleware.js
- /Users/takanari/influencer-marketing-tool/frontend/node_modules/next/dist/server/dev/hot-reloader-webpack.js
- /Users/takanari/influencer-marketing-tool/frontend/node_modules/next/dist/server/lib/router-utils/setup-dev-bundler.js
- /Users/takanari/influencer-marketing-tool/frontend/node_modules/next/dist/server/lib/router-server.js
- /Users/takanari/influencer-marketing-tool/frontend/node_modules/next/dist/server/lib/start-server.js
    at Module.<anonymous> (node:internal/modules/cjs/loader:1369:15)
    at /Users/takanari/influencer-marketing-tool/frontend/node_modules/next/dist/server/require-hook.js:55:36
    at defaultResolveImpl (node:internal/modules/cjs/loader:1025:19)
    at resolveForCJSWithHooks (node:internal/modules/cjs/loader:1030:22)
    at Module._load (node:internal/modules/cjs/loader:1179:37)
    at TracingChannel.traceSync (node:diagnostics_channel:322:14)
    at wrapModuleLoad (node:internal/modules/cjs/loader:235:24)
    at Module.<anonymous> (node:internal/modules/cjs/loader:1449:12)
    at mod.require (/Users/takanari/influencer-marketing-tool/frontend/node_modules/next/dist/server/require-hook.js:65:28)
    at require (node:internal/modules/helpers:135:16)
    at o.f.require (/Users/takanari/influencer-marketing-tool/frontend/.next/server/webpack-runtime.js:1:1888)
    at /Users/takanari/influencer-marketing-tool/frontend/.next/server/webpack-runtime.js:1:1361
    at Array.reduce (<anonymous>)
    at o.e (/Users/takanari/influencer-marketing-tool/frontend/.next/server/webpack-runtime.js:1:1340)
    at Array.map (<anonymous>) {
  code: 'MODULE_NOT_FOUND',
  requireStack: [
    '/Users/takanari/influencer-marketing-tool/frontend/.next/server/webpack-runtime.js',
    '/Users/takanari/influencer-marketing-tool/frontend/.next/server/pages/_document.js',
    '/Users/takanari/influencer-marketing-tool/frontend/node_modules/next/dist/server/require.js',
    '/Users/takanari/influencer-marketing-tool/frontend/node_modules/next/dist/server/load-components.js',
    '/Users/takanari/influencer-marketing-tool/frontend/node_modules/next/dist/build/utils.js',
    '/Users/takanari/influencer-marketing-tool/frontend/node_modules/next/dist/server/dev/hot-middleware.js',
    '/Users/takanari/influencer-marketing-tool/frontend/node_modules/next/dist/server/dev/hot-reloader-webpack.js',
    '/Users/takanari/influencer-marketing-tool/frontend/node_modules/next/dist/server/lib/router-utils/setup-dev-bundler.js',
    '/Users/takanari/influencer-marketing-tool/frontend/node_modules/next/dist/server/lib/router-server.js',
    '/Users/takanari/influencer-marketing-tool/frontend/node_modules/next/dist/server/lib/start-server.js'
  ]
}
 GET / 500 in 1504ms
 ✓ Compiled in 964ms (847 modules)
 ✓ Compiled in 411ms (847 modules)
 ✓ Compiled in 686ms (847 modules)
 ✓ Compiled in 585ms (722 modules)
 ✓ Compiled in 230ms (722 modules)
 ✓ Compiled in 321ms (722 modules)
 ✓ Compiled in 522ms (722 modules)
 ✓ Compiled in 436ms (722 modules)
 ✓ Compiled in 204ms (722 modules)
 ✓ Compiled in 484ms (722 modules)
 ✓ Compiled in 214ms (722 modules)
 ✓ Compiled / in 451ms (853 modules)
 ✓ Compiled /404 in 118ms (857 modules)
 ✓ Compiled /_error in 61ms (857 modules)
 HEAD / 404 in 651ms
[?25h
